<?xml version="1.0" encoding="UTF-8"?>
<!-- Generated by org.testng.reporters.JUnitReportReporter -->
<testsuite hostname="Jyothi" failures="0" tests="3" name="com.dataprovider.DataDriven" time="10.229" errors="0" timestamp="2023-11-12T11:20:16 IST" skipped="0">
  <testcase classname="com.dataprovider.DataDriven" name="loginTest" time="1.606"/>
  <system-out/>
  <testcase classname="com.dataprovider.DataDriven" name="loginTest" time="7.255"/>
  <system-out/>
  <testcase classname="com.dataprovider.DataDriven" name="loginTest" time="1.368"/>
  <system-out/>
</testsuite> <!-- com.dataprovider.DataDriven -->
