<?xml version="1.0" encoding="UTF-8"?>
<!-- Generated by org.testng.reporters.JUnitReportReporter -->
<testsuite hostname="Jyothi" failures="0" tests="2" name="TestNg.Test1" time="25.702" errors="0" timestamp="2023-11-14T20:59:52 IST" skipped="0">
  <testcase classname="TestNg.Test1" name="test3" time="19.097"/>
  <system-out/>
  <testcase classname="TestNg.Test1" name="test2" time="6.605"/>
  <system-out/>
</testsuite> <!-- TestNg.Test1 -->
